make all --print-data-base --no-builtin-variables --no-builtin-rules --question
# GNU Make 3.81
# Copyright (C) 2006  Free Software Foundation, Inc.
# This is free software; see the source for copying conditions.
# There is NO warranty; not even for MERCHANTABILITY or FITNESS FOR A
# PARTICULAR PURPOSE.

# This program built for i386-apple-darwin11.3.0
 

# Make data base, printed on Sun Jul 31 19:52:00 2022

# Variables

# automatic
<D = $(patsubst %/,%,$(dir $<))
# automatic
?F = $(notdir $?)
# automatic
?D = $(patsubst %/,%,$(dir $?))
# automatic
@D = $(patsubst %/,%,$(dir $@))
# automatic
@F = $(notdir $@)
# makefile
CURDIR := /Users/cardinalys/Documents/projects/service
# makefile (from `makefile', line 1)
SHELL := /bin/bash
# environment
VSCODE_NLS_CONFIG = {"locale":"ru","availableLanguages":{},"_languagePackSupport":true}
# environment
_ = /usr/bin/make
# makefile (from `makefile', line 1)
MAKEFILE_LIST :=  makefile
# environment
VSCODE_AMD_ENTRYPOINT = vs/workbench/api/node/extensionHostProcess
# makefile (from `makefile', line 54)
VERSION := 1.0
# environment
__CFBundleIdentifier = com.microsoft.VSCode
# makefile (from `makefile', line 233)
ZONE := us-central1-b
# environment
VSCODE_CWD = /
# environment
GOPROXY = https://proxy.golang.org,direct
# environment
PATH = /usr/local/bin:/usr/bin:/bin:/usr/sbin:/sbin:/usr/local/go/bin:/opt/X11/bin:/Library/Apple/usr/bin:/Users/cardinalys/go/bin:/Users/cardinalys/.npm/bin
# makefile (from `makefile', line 230)
PROJECT = ardan-starter-kit
# makefile (from `makefile', line 231)
CLUSTER := ardan-starter-cluster
# environment
GOPATH = /Users/cardinalys/go
# environment
ELECTRON_RUN_AS_NODE = 1
# default
.FEATURES := target-specific order-only second-expansion else-if archives jobserver check-symlink
# environment
SSH_AUTH_SOCK = /private/tmp/com.apple.launchd.l4tRRexMT6/Listeners
# automatic
%F = $(notdir $%)
# environment
GOBIN = /Users/cardinalys/go/bin
# environment
DISPLAY = /private/tmp/com.apple.launchd.dUOBGjeLtv/org.xquartz:0
# environment
PWD = /Users/cardinalys/Documents/projects/service
# environment
ORIGINAL_XDG_CURRENT_DESKTOP = undefined
# environment
GOMODCACHE = /Users/cardinalys/go/pkg/mod
# environment
HOME = /Users/cardinalys
# default
MAKEFILEPATH := /Applications/Xcode.app/Contents/Developer/Makefiles
# environment
VSCODE_CODE_CACHE_PATH = /Users/cardinalys/Library/Application Support/Code/CachedData/3b889b090b5ad5793f524b5d1d39fda662b96a2a
# environment
LOGNAME = cardinalys
# environment
APPLICATION_INSIGHTS_NO_DIAGNOSTIC_CHANNEL = true
# environment
VSCODE_HANDLES_UNCAUGHT_ERRORS = true
# automatic
^D = $(patsubst %/,%,$(dir $^))
# environment
XPC_FLAGS = 0x0
# default
MAKE = $(MAKE_COMMAND)
# default
MAKECMDGOALS := all
# environment
SHLVL = 2
# default
MAKE_VERSION := 3.81
# environment
USER = cardinalys
# makefile
.DEFAULT_GOAL := dev.setup.mac
# automatic
%D = $(patsubst %/,%,$(dir $%))
# default
MAKE_COMMAND := /Applications/Xcode.app/Contents/Developer/usr/bin/make
# default
.VARIABLES := 
# environment
TMPDIR = /var/folders/mx/yrvd6rvj4xl_yfm9xt6gwpf00000gn/T/
# automatic
*F = $(notdir $*)
# environment
VSCODE_IPC_HOOK = /Users/cardinalys/Library/Application Support/Code/1.69.2-main.sock
# environment
MallocNanoZone = 0
# makefile
MAKEFLAGS = Rrqp
# environment
MFLAGS = -Rrqp
# automatic
*D = $(patsubst %/,%,$(dir $*))
# environment
XPC_SERVICE_NAME = application.com.microsoft.VSCode.33603355.33603361
# automatic
+D = $(patsubst %/,%,$(dir $+))
# automatic
+F = $(notdir $+)
# makefile (from `makefile', line 77)
KIND_CLUSTER := ardan-starter-cluster
# environment
__CF_USER_TEXT_ENCODING = 0x1F5:0x7:0x31
# environment
COMMAND_MODE = unix2003
# default
MAKEFILES := 
# automatic
<F = $(notdir $<)
# environment
LC_ALL = C
# makefile (from `makefile', line 232)
DATABASE := ardan-starter-db
# automatic
^F = $(notdir $^)
# default
SUFFIXES := 
# default
.INCLUDE_DIRS = /usr/local/include
# environment
MAKELEVEL := 0
# environment
LANG = C
# environment
VSCODE_PID = 59714
# variable set hash-table stats:
# Load=69/1024=7%, Rehash=0, Collisions=3/98=3%

# Pattern-specific Variable Values

# No pattern-specific variable values.

# Directories

# . (device 16777234, inode 28486944): 18 files, no impossibilities.

# 18 files, no impossibilities in 1 directories.

# Implicit Rules

# No implicit rules.

# Files

kind-logs:
#  Implicit rule search has not been done.
#  Modification time never checked.
#  File has not been updated.
#  commands to execute (from `makefile', line 119):
	kubectl logs -l app=sales --all-containers=true -f --tail=100 | go run app/tooling/logfmt/main.go
	

docker-kind-logs:
#  Implicit rule search has not been done.
#  Modification time never checked.
#  File has not been updated.
#  commands to execute (from `makefile', line 225):
	docker logs -f $(KIND_CLUSTER)-control-plane
	

kind-logs-metrics:
#  Implicit rule search has not been done.
#  Modification time never checked.
#  File has not been updated.
#  commands to execute (from `makefile', line 125):
	kubectl logs -l app=sales --all-containers=true -f --tail=100 | go run app/tooling/logfmt/main.go -service=METRICS
	

kind-restart:
#  Implicit rule search has not been done.
#  Modification time never checked.
#  File has not been updated.
#  commands to execute (from `makefile', line 112):
	kubectl rollout restart deployment sales-pod
	

gcp-events:
#  Implicit rule search has not been done.
#  Modification time never checked.
#  File has not been updated.
#  commands to execute (from `makefile', line 284):
	kubectl get ev --sort-by metadata.creationTimestamp
	

kind-load:
#  Implicit rule search has not been done.
#  Modification time never checked.
#  File has not been updated.
#  commands to execute (from `makefile', line 94):
	cd zarf/k8s/kind/sales-pod; kustomize edit set image sales-api-image=sales-api-amd64:$(VERSION)
	cd zarf/k8s/kind/sales-pod; kustomize edit set image metrics-image=metrics-amd64:$(VERSION)
	kind load docker-image sales-api-amd64:$(VERSION) --name $(KIND_CLUSTER)
	kind load docker-image metrics-amd64:$(VERSION) --name $(KIND_CLUSTER)
	

gcp-db-assign-ip:
#  Implicit rule search has not been done.
#  Modification time never checked.
#  File has not been updated.
#  commands to execute (from `makefile', line 262):
	gcloud sql instances patch $(DATABASE) --authorized-networks=[$(PUBLIC-IP)/32]
	gcloud sql instances describe $(DATABASE)
	

kind-logs-db:
#  Implicit rule search has not been done.
#  Modification time never checked.
#  File has not been updated.
#  commands to execute (from `makefile', line 128):
	kubectl logs -l app=database --namespace=database-system --all-containers=true -f --tail=100
	

all: sales metrics
#  Command-line target.
#  Implicit rule search has been done.
#  File does not exist.
#  File has been updated.
#  Needs to be updated (-q is set).
# variable set hash-table stats:
# Load=0/32=0%, Rehash=0, Collisions=0/4=0%

gcp-db-private-ip:
#  Implicit rule search has not been done.
#  Modification time never checked.
#  File has not been updated.
#  commands to execute (from `makefile', line 266):
	# IMPORTANT: Make sure you run this command and get the private IP of the DB.
	gcloud sql instances describe $(DATABASE)
	

metrics:
#  Implicit rule search has not been done.
#  Modification time never checked.
#  File has not been updated.
#  commands to execute (from `makefile', line 67):
	docker build \
	-f zarf/docker/dockerfile.metrics \
	-t metrics-amd64:$(VERSION) \
	--build-arg BUILD_REF=$(VERSION) \
	--build-arg BUILD_DATE=`date -u +"%Y-%m-%dT%H:%M:%SZ"` \
	.
	

gcp-project:
#  Implicit rule search has not been done.
#  Modification time never checked.
#  File has not been updated.
#  commands to execute (from `makefile', line 242):
	gcloud projects create $(PROJECT)
	gcloud beta billing projects link $(PROJECT) --billing-account=$(ACCOUNT_ID)
	gcloud services enable container.googleapis.com
	

gcp-services:
#  Implicit rule search has not been done.
#  Modification time never checked.
#  File has not been updated.
#  commands to execute (from `makefile', line 270):
	kustomize build zarf/k8s/gcp/sales-pod | kubectl apply -f -
	

kind-update-apply: all kind-load kind-apply
#  Implicit rule search has not been done.
#  Modification time never checked.
#  File has not been updated.

gcp-upload:
#  Implicit rule search has not been done.
#  Modification time never checked.
#  File has not been updated.
#  commands to execute (from `makefile', line 251):
 
	docker tag sales-api-amd64:1.0 gcr.io/$(PROJECT)/sales-api-amd64:$(VERSION)
	docker tag metrics-amd64:1.0 gcr.io/$(PROJECT)/metrics-amd64:$(VERSION)
	docker push gcr.io/$(PROJECT)/sales-api-amd64:$(VERSION)
	docker push gcr.io/$(PROJECT)/metrics-amd64:$(VERSION)
	

kind-describe-deployment:
#  Implicit rule search has not been done.
#  Modification time never checked.
#  File has not been updated.
#  commands to execute (from `makefile', line 153):
	kubectl describe deployment sales-pod
	

# Not a target:
.SUFFIXES:
#  Implicit rule search has not been done.
#  Modification time never checked.
#  File has not been updated.

gcp-events-warn:
#  Implicit rule search has not been done.
#  Modification time never checked.
#  File has not been updated.
#  commands to execute (from `makefile', line 287):
	kubectl get ev --field-selector type=Warning --sort-by metadata.creationTimestamp
	

docker-down:
#  Implicit rule search has not been done.
#  Modification time never checked.
#  File has not been updated.
#  commands to execute (from `makefile', line 219):
	docker rm -f $(shell docker ps -aq)
	

test:
#  Implicit rule search has not been done.
#  Modification time never checked.
#  File has not been updated.
#  commands to execute (from `makefile', line 188):
	go test ./... -count=1
	staticcheck -checks=all ./...
	

# Not a target:
makefile:
#  Implicit rule search has been done.
#  Last modified 2022-06-22 23:43:51
#  File has been updated.
#  Successfully updated.
# variable set hash-table stats:
# Load=0/32=0%, Rehash=0, Collisions=0/0=0%

gcp-config:
#  Implicit rule search has not been done.
#  Modification time never checked.
#  File has not been updated.
#  commands to execute (from `makefile', line 236):
	@echo Setting environment for $(PROJECT)
	gcloud config set project $(PROJECT)
	gcloud config set compute/zone $(ZONE)
	gcloud auth configure-docker
	

kind-status-zipkin:
#  Implicit rule search has not been done.
#  Modification time never checked.
#  File has not been updated.
#  commands to execute (from `makefile', line 145):
	kubectl get pods -o wide --watch --namespace=zipkin-system
	

kind-events:
#  Implicit rule search has not been done.
#  Modification time never checked.
#  File has not been updated.
#  commands to execute (from `makefile', line 160):
	kubectl get ev --sort-by metadata.creationTimestamp
	

# Not a target:
gcp-delete:
#  Implicit rule search has not been done.
#  Modification time never checked.
#  File has not been updated.

seed: migrate
#  Implicit rule search has not been done.
#  Modification time never checked.
#  File has not been updated.
#  commands to execute (from `makefile', line 182):
	go run app/tooling/sales-admin/main.go seed
	

gcp-logs-sales:
#  Implicit rule search has not been done.
#  Modification time never checked.
#  File has not been updated.
#  commands to execute (from `makefile', line 293):
	kubectl logs -l app=sales --all-containers=true -f --tail=100 | go run app/tooling/logfmt/main.go -service=SALES-API | jq
	

gcp-status-full:
#  Implicit rule search has not been done.
#  Modification time never checked.
#  File has not been updated.
#  commands to execute (from `makefile', line 279):
	kubectl describe nodes
	kubectl describe svc
	kubectl describe pod -l app=sales
	

gcp-delete-all: gcp-delete
#  Implicit rule search has not been done.
#  Modification time never checked.
#  File has not been updated.
#  commands to execute (from `makefile', line 301):
	kustomize build zarf/k8s/gcp/sales-pod | kubectl delete -f -
	gcloud container clusters delete $(CLUSTER)
	gcloud projects delete sales-api
	gcloud container images delete gcr.io/$(PROJECT)/sales-api-amd64:$(VERSION) --force-delete-tags
	gcloud container images delete gcr.io/$(PROJECT)/metrics-amd64:$(VERSION) --force-delete-tags
	docker image remove gcr.io/sales-api/sales-api-amd64:$(VERSION)
	docker image remove gcr.io/sales-api/metrics-amd64:$(VERSION)
	

gcp-status:
#  Implicit rule search has not been done.
#  Modification time never checked.
#  File has not been updated.
#  commands to execute (from `makefile', line 273):
	gcloud container clusters list
	kubectl get nodes -o wide
	kubectl get svc -o wide
	kubectl get pods -o wide --watch
	

gcp-cluster:
#  Implicit rule search has not been done.
#  Modification time never checked.
#  File has not been updated.
#  commands to execute (from `makefile', line 247):
	gcloud container clusters create $(CLUSTER) --enable-ip-alias --num-nodes=2 --machine-type=n1-standard-2
	gcloud compute instances list
	

kind-context-sales:
#  Implicit rule search has not been done.
#  Modification time never checked.
#  File has not been updated.
#  commands to execute (from `makefile', line 166):
	kubectl config set-context --current --namespace=sales-system
	

kind-describe-replicaset:
#  Implicit rule search has not been done.
#  Modification time never checked.
#  File has not been updated.
#  commands to execute (from `makefile', line 156):
	kubectl get rs
	kubectl describe rs -l app=sales
	

migrate:
#  Implicit rule search has not been done.
#  Modification time never checked.
#  File has not been updated.
#  commands to execute (from `makefile', line 179):
	go run app/tooling/sales-admin/main.go migrate
	

sales:
#  Implicit rule search has not been done.
#  Implicit/static pattern stem: `'
#  File does not exist.
#  File has been updated.
#  Needs to be updated (-q is set).
# automatic
# @ := sales
# automatic
# % := 
# automatic
 
# * := 
# automatic
# + := 
# automatic
# | := 
# automatic
# < := 
# automatic
# ^ := 
# automatic
# ? := 
# variable set hash-table stats:
# Load=8/32=25%, Rehash=0, Collisions=1/12=8%
#  commands to execute (from `makefile', line 59):
	docker build \
	-f zarf/docker/dockerfile.sales-api \
	-t sales-api-amd64:$(VERSION) \
	--build-arg BUILD_REF=$(VERSION) \
	--build-arg BUILD_DATE=`date -u +"%Y-%m-%dT%H:%M:%SZ"` \
	.
	

kind-status-sales:
#  Implicit rule search has not been done.
#  Modification time never checked.
#  File has not been updated.
#  commands to execute (from `makefile', line 139):
	kubectl get pods -o wide --watch --namespace=sales-system
	

gcp-database:
#  Implicit rule search has not been done.
#  Modification time never checked.
#  File has not been updated.
#  commands to execute (from `makefile', line 257):
	# Create User/Password
	gcloud beta sql instances create $(DATABASE) --database-version=POSTGRES_9_6 --no-backup --tier=db-f1-micro --zone=$(ZONE) --no-assign-ip --network=default
	gcloud sql instances describe $(DATABASE)
	

# Not a target:
.DEFAULT:
#  Implicit rule search has not been done.
#  Modification time never checked.
#  File has not been updated.

kind-logs-zipkin:
#  Implicit rule search has not been done.
#  Modification time never checked.
#  File has not been updated.
#  commands to execute (from `makefile', line 131):
	kubectl logs -l app=zipkin --namespace=zipkin-system --all-containers=true -f --tail=100
	

kind-events-warn:
#  Implicit rule search has not been done.
#  Modification time never checked.
#  File has not been updated.
#  commands to execute (from `makefile', line 163):
	kubectl get ev --field-selector type=Warning --sort-by metadata.creationTimestamp
	

kind-apply:
#  Implicit rule search has not been done.
#  Modification time never checked.
#  File has not been updated.
#  commands to execute (from `makefile', line 100):
	kustomize build zarf/k8s/kind/database-pod | kubectl apply -f -
	kubectl wait --namespace=database-system --timeout=120s --for=condition=Available deployment/database-pod
	kustomize build zarf/k8s/kind/zipkin-pod | kubectl apply -f -
	kubectl wait --namespace=zipkin-system --timeout=120s --for=condition=Available deployment/zipkin-pod
	kustomize build zarf/k8s/kind/sales-pod | kubectl apply -f -
	

docker-clean:
#  Implicit rule search has not been done.
#  Modification time never checked.
#  File has not been updated.
#  commands to execute (from `makefile', line 222):
	docker system prune -f	
	

kind-shell:
#  Implicit rule search has not been done.
#  Modification time never checked.
#  File has not been updated.
#  commands to execute (from `makefile', line 169):
	kubectl exec -it $(shell kubectl get pods | grep sales | cut -c1-26) --container sales-api -- /bin/sh
	

kind-describe:
#  Implicit rule search has not been done.
#  Modification time never checked.
#  File has not been updated.
#  commands to execute (from `makefile', line 148):
	kubectl describe nodes
	kubectl describe svc
	kubectl describe pod -l app=sales
	

gcp-logs:
#  Implicit rule search has not been done.
#  Modification time never checked.
#  File has not been updated.
#  commands to execute (from `makefile', line 290):
	kubectl logs -l app=sales --all-containers=true -f --tail=100 | go run app/tooling/logfmt/main.go
	

list:
#  Implicit rule search has not been done.
#  Modification time never checked.
#  File has not been updated.
#  commands to execute (from `makefile', line 213):
	go list -mod=mod all
	

kind-logs-sales:
#  Implicit rule search has not been done.
#  Modification time never checked.
#  File has not been updated.
#  commands to execute (from `makefile', line 122):
	kubectl logs -l app=sales --all-containers=true -f --tail=100 | go run app/tooling/logfmt/main.go -service=SALES-API
	

tidy:
#  Implicit rule search has not been done.
#  Modification time never checked.
#  File has not been updated.
#  commands to execute (from `makefile', line 200):
	go mod tidy
	go mod vendor
	

kind-status:
#  Implicit rule search has not been done.
#  Modification time never checked.
#  File has not been updated.
#  commands to execute (from `makefile', line 134):
	kubectl get nodes -o wide
	kubectl get svc -o wide
	kubectl get pods -o wide --watch --all-namespaces
	

dev.setup.mac:
#  Implicit rule search has not been done.
#  Modification time never checked.
#  File has not been updated.
#  commands to execute (from `makefile', line 45):
	brew update
	brew list kind || brew install kind
	brew list kubectl || brew install kubectl
	brew list kustomize || brew install kustomize
	

kind-status-db:
#  Implicit rule search has not been done.
#  Modification time never checked.
#  File has not been updated.
#  commands to execute (from `makefile', line 142):
	kubectl get pods -o wide --watch --namespace=database-system
	

gcp-shell:
 
#  Implicit rule search has not been done.
#  Modification time never checked.
#  File has not been updated.
#  commands to execute (from `makefile', line 296):
	kubectl exec -it $(shell kubectl get pods | grep sales | cut -c1-26 | head -1) --container app -- /bin/sh
	# ./admin --db-disable-tls=1 migrate
	# ./admin --db-disable-tls=1 seed
	

kind-up:
#  Implicit rule search has not been done.
#  Modification time never checked.
#  File has not been updated.
#  commands to execute (from `makefile', line 84):
	kind create cluster \
	--image kindest/node:v1.24.0@sha256:0866296e693efe1fed79d5e6c7af8df71fc73ae45e3679af05342239cdc5bc8e \
	--name $(KIND_CLUSTER) \
	--config zarf/k8s/kind/kind-config.yaml
	kubectl config set-context --current --namespace=sales-system
	

kind-database:
#  Implicit rule search has not been done.
#  Modification time never checked.
#  File has not been updated.
#  commands to execute (from `makefile', line 172):
	# ./admin --db-disable-tls=1 migrate
	# ./admin --db-disable-tls=1 seed
	

kind-services-delete:
#  Implicit rule search has not been done.
#  Modification time never checked.
#  File has not been updated.
#  commands to execute (from `makefile', line 107):
	kustomize build zarf/k8s/kind/sales-pod | kubectl delete -f -
	kustomize build zarf/k8s/kind/zipkin-pod | kubectl delete -f -
	kustomize build zarf/k8s/kind/database-pod | kubectl delete -f -
	

kind-down:
#  Implicit rule search has not been done.
#  Modification time never checked.
#  File has not been updated.
#  commands to execute (from `makefile', line 91):
	kind delete cluster --name $(KIND_CLUSTER)
	

deps-reset:
#  Implicit rule search has not been done.
#  Modification time never checked.
#  File has not been updated.
#  commands to execute (from `makefile', line 195):
	git checkout -- go.mod
	go mod tidy
	go mod vendor
	

kind-update: all kind-load kind-restart
#  Implicit rule search has not been done.
#  Modification time never checked.
#  File has not been updated.

deps-cleancache:
#  Implicit rule search has not been done.
#  Modification time never checked.
#  File has not been updated.
#  commands to execute (from `makefile', line 210):
	go clean -modcache
	

deps-upgrade:
#  Implicit rule search has not been done.
#  Modification time never checked.
#  File has not been updated.
#  commands to execute (from `makefile', line 204):
	# go get $(go list -f '{{if not (or .Main .Indirect)}}{{.Path}}{{end}}' -m all)
	go get -u -v ./...
	go mod tidy
	go mod vendor
	

# files hash-table stats:
# Load=60/1024=6%, Rehash=0, Collisions=6/84=7%
# VPATH Search Paths

# No `vpath' search paths.

# No general (`VPATH' variable) search path.

# # of strings in strcache: 1
# # of strcache buffers: 1
# strcache size: total = 4096 / max = 4096 / min = 4096 / avg = 4096
# strcache free: total = 4087 / max = 4087 / min = 4087 / avg = 4087

# Finished Make data base on Sun Jul 31 19:52:00 2022

 
